2024/04/30 22:51:10 这是一个日志记录
2024/04/30 22:51:10 这是另一个日志记录
2024/04/30 22:51:20 Received message: 1
2024/04/30 22:51:22 websocket: close 1005 (no status)
2024/04/30 22:51:31 这是一个日志记录
2024/04/30 22:51:31 这是另一个日志记录
2024/04/30 22:51:32 Received message: 2
2024/04/30 22:51:34 websocket: close 1005 (no status)
2024/04/30 22:51:42 这是一个日志记录
2024/04/30 22:51:42 这是另一个日志记录
2024/04/30 22:51:43 Received message: 3
2024/04/30 22:51:45 websocket: close 1005 (no status)
2024/04/30 23:00:42 这是一个日志记录
2024/04/30 23:00:42 这是另一个日志记录
2024/04/30 23:00:43 Received message: 3
2024/05/01 00:14:14 这是一个日志记录
2024/05/01 00:14:14 这是另一个日志记录
2024/05/01 00:14:14 Server started on :8080
2024/05/01 00:15:16 这是一个日志记录
2024/05/01 00:15:16 这是另一个日志记录
2024/05/01 00:15:18 Received message: 4
2024/05/01 00:16:37 这是一个日志记录
2024/05/01 00:16:37 这是另一个日志记录
2024/05/01 00:16:37 Server started on :8080
2024/05/01 00:16:49 Received message: 56678
2024/05/01 00:16:50 Received message: 56678
2024/05/01 00:16:51 Received message: 56678
2024/05/01 00:16:51 Received message: 56678
2024/05/01 00:16:51 Received message: 56678
2024/05/01 00:16:51 Received message: 56678
2024/05/01 00:16:51 Received message: 56678
2024/05/01 00:16:51 Received message: 56678
2024/05/01 00:17:00 websocket: close 1005 (no status)
2024/05/01 00:27:59 这是一个日志记录
2024/05/01 00:27:59 这是另一个日志记录
2024/05/01 00:27:59 插入后元素:
2024/05/01 00:27:59 [{1 bgbiao 18 <nil> bgbiao@bgbiao.top } {2 xxb 18 <nil> xxb@bgbiao.top }]
2024/05/01 00:27:59 查看查询记录: {1 bgbiao 18 <nil> bgbiao@bgbiao.top }
2024/05/01 00:27:59 更新后的记录: {1 biaoge 18 <nil> bgbiao@bgbiao.top }
2024/05/01 00:27:59 查看全部记录:
2024/05/01 00:27:59 [{2 xxb 18 <nil> xxb@bgbiao.top }]
2024/05/01 00:27:59 Server started on :8080
